{
  "stats": {
    "suites": 1,
    "tests": 6,
    "passes": 5,
    "pending": 0,
    "failures": 1,
    "start": "2024-02-07T10:05:20.016Z",
    "end": "2024-02-07T10:05:42.160Z",
    "duration": 22144,
    "testsRegistered": 6,
    "passPercent": 83.33333333333334,
    "pendingPercent": 0,
    "other": 0,
    "hasOther": false,
    "skipped": 0,
    "hasSkipped": false
  },
  "results": [
    {
      "uuid": "7f767769-b039-42fd-8e52-06e26dc68774",
      "title": "",
      "fullFile": "cypress\\e2e\\UI-Contests.cy.js",
      "file": "cypress\\e2e\\UI-Contests.cy.js",
      "beforeHooks": [],
      "afterHooks": [],
      "tests": [],
      "suites": [
        {
          "uuid": "df6ca200-d419-4ccd-8eee-1fcad8891fda",
          "title": "Contest page",
          "fullFile": "",
          "file": "",
          "beforeHooks": [],
          "afterHooks": [],
          "tests": [
            {
              "title": "Verify LOGIN TO PARTICIPATE button is present or not",
              "fullTitle": "Contest page Verify LOGIN TO PARTICIPATE button is present or not",
              "timedOut": null,
              "duration": 13140,
              "state": "failed",
              "speed": null,
              "pass": false,
              "fail": true,
              "pending": false,
              "context": "{\n  \"title\": \"cypress-mochawesome-reporter-screenshots\",\n  \"value\": [\n    [\n      \"\\\\UI-Contests.cy.js\\\\Contest page -- Verify LOGIN TO PARTICIPATE button is present or not (failed).png\"\n    ]\n  ]\n}",
              "code": "// visit landing page\ncy.visit('https://lysto.gg');\ncy.wait(5000);\ncy.get('#Contests_05').click({\n  force: true\n});\n//Click on share CTA and verify the link \ncy.wait(5000);\ncy.contains('LOGIN TO PARTICIPATE').should('be.visible');",
              "err": {
                "message": "AssertionError: Timed out retrying after 4000ms: Expected to find element: `#Contests_05`, but never found it.",
                "estack": "AssertionError: Timed out retrying after 4000ms: Expected to find element: `#Contests_05`, but never found it.\n    at Context.eval (webpack://lystoprod/./cypress/e2e/UI-Contests.cy.js:10:7)\n    at runnable.fn (https://lysto.gg/__cypress/runner/cypress_runner.js:138511:19)\n    at callFn (https://lysto.gg/__cypress/runner/cypress_runner.js:157156:21)\n    at Runnable.run (https://lysto.gg/__cypress/runner/cypress_runner.js:157143:7)\n    at <unknown> (https://lysto.gg/__cypress/runner/cypress_runner.js:162955:30)\n    at PassThroughHandlerContext.finallyHandler (https://lysto.gg/__cypress/runner/cypress_runner.js:4072:23)\n    at PassThroughHandlerContext.tryCatcher (https://lysto.gg/__cypress/runner/cypress_runner.js:1807:23)\n    at Promise._settlePromiseFromHandler (https://lysto.gg/__cypress/runner/cypress_runner.js:1519:31)",
                "diff": null
              },
              "uuid": "51c3abad-de01-46d7-b175-c2fc7c4a1521",
              "parentUUID": "df6ca200-d419-4ccd-8eee-1fcad8891fda",
              "isHook": false,
              "skipped": false
            },
            {
              "title": "Verify Live Contests text is Visible or not",
              "fullTitle": "Contest page Verify Live Contests text is Visible or not",
              "timedOut": null,
              "duration": 1095,
              "state": "passed",
              "speed": "fast",
              "pass": true,
              "fail": false,
              "pending": false,
              "context": null,
              "code": "cy.visit('https://lysto.gg/contests');\ncy.contains('Live Contests').should('be.visible');",
              "err": {},
              "uuid": "4f75aee2-ef9e-4bd4-a72e-ad980c6ce406",
              "parentUUID": "df6ca200-d419-4ccd-8eee-1fcad8891fda",
              "isHook": false,
              "skipped": false
            },
            {
              "title": "Verify Upcoming Contest text is visible or not",
              "fullTitle": "Contest page Verify Upcoming Contest text is visible or not",
              "timedOut": null,
              "duration": 520,
              "state": "passed",
              "speed": "fast",
              "pass": true,
              "fail": false,
              "pending": false,
              "context": null,
              "code": "cy.visit('https://lysto.gg/contests');\ncy.contains('Upcoming Contests').should('be.visible');",
              "err": {},
              "uuid": "52c7de20-233d-40dc-b60c-9d2948e04da9",
              "parentUUID": "df6ca200-d419-4ccd-8eee-1fcad8891fda",
              "isHook": false,
              "skipped": false
            },
            {
              "title": "verify HOW TO WIN text is present or not",
              "fullTitle": "Contest page verify HOW TO WIN text is present or not",
              "timedOut": null,
              "duration": 664,
              "state": "passed",
              "speed": "fast",
              "pass": true,
              "fail": false,
              "pending": false,
              "context": null,
              "code": "cy.visit('https://lysto.gg/contests');\ncy.contains('How to win').should('be.visible');",
              "err": {},
              "uuid": "9493bad0-495b-4529-bb69-57d5fc1b813a",
              "parentUUID": "df6ca200-d419-4ccd-8eee-1fcad8891fda",
              "isHook": false,
              "skipped": false
            },
            {
              "title": "Open how to win info button and verify that steps to win poppup text is showing or not",
              "fullTitle": "Contest page Open how to win info button and verify that steps to win poppup text is showing or not",
              "timedOut": null,
              "duration": 1765,
              "state": "passed",
              "speed": "fast",
              "pass": true,
              "fail": false,
              "pending": false,
              "context": null,
              "code": "cy.visit('https://lysto.gg/contests');\ncy.get('Img[src=\"/static/images/info.svg\"]').click();\ncy.get('Img[src=\"/static/images/ic_close.svg\"]').click();",
              "err": {},
              "uuid": "0f22b634-07ff-4152-97f0-39f25df6609b",
              "parentUUID": "df6ca200-d419-4ccd-8eee-1fcad8891fda",
              "isHook": false,
              "skipped": false
            },
            {
              "title": "Verify \"Win Contests Everyday\" text is present or not ",
              "fullTitle": "Contest page Verify \"Win Contests Everyday\" text is present or not ",
              "timedOut": null,
              "duration": 598,
              "state": "passed",
              "speed": "fast",
              "pass": true,
              "fail": false,
              "pending": false,
              "context": null,
              "code": "cy.visit('https://lysto.gg/contests');\ncy.contains('Win Contests Everyday').should('be.visible');",
              "err": {},
              "uuid": "7f3ade39-536a-47a2-8861-01f4a1d7da3c",
              "parentUUID": "df6ca200-d419-4ccd-8eee-1fcad8891fda",
              "isHook": false,
              "skipped": false
            }
          ],
          "suites": [],
          "passes": [
            "4f75aee2-ef9e-4bd4-a72e-ad980c6ce406",
            "52c7de20-233d-40dc-b60c-9d2948e04da9",
            "9493bad0-495b-4529-bb69-57d5fc1b813a",
            "0f22b634-07ff-4152-97f0-39f25df6609b",
            "7f3ade39-536a-47a2-8861-01f4a1d7da3c"
          ],
          "failures": [
            "51c3abad-de01-46d7-b175-c2fc7c4a1521"
          ],
          "pending": [],
          "skipped": [],
          "duration": 17782,
          "root": false,
          "rootEmpty": false,
          "_timeout": 2000
        }
      ],
      "passes": [],
      "failures": [],
      "pending": [],
      "skipped": [],
      "duration": 0,
      "root": true,
      "rootEmpty": true,
      "_timeout": 2000
    }
  ],
  "meta": {
    "mocha": {
      "version": "7.0.1"
    },
    "mochawesome": {
      "options": {
        "quiet": false,
        "reportFilename": "mochawesome",
        "saveHtml": false,
        "saveJson": true,
        "consoleReporter": "spec",
        "useInlineDiffs": false,
        "code": true
      },
      "version": "7.1.3"
    },
    "marge": {
      "options": {
        "overwrite": false,
        "html": false,
        "json": true,
        "reportDir": "cypress\\reports\\html\\.jsons"
      },
      "version": "6.2.0"
    }
  }
}