{
  "stats": {
    "suites": 1,
    "tests": 10,
    "passes": 10,
    "pending": 0,
    "failures": 0,
    "start": "2024-01-04T05:36:33.842Z",
    "end": "2024-01-04T05:36:55.743Z",
    "duration": 21901,
    "testsRegistered": 10,
    "passPercent": 100,
    "pendingPercent": 0,
    "other": 0,
    "hasOther": false,
    "skipped": 0,
    "hasSkipped": false
  },
  "results": [
    {
      "uuid": "fad7fd45-a87a-47e4-9bbe-69d88ee68004",
      "title": "",
      "fullFile": "cypress\\e2e\\UI-AboutUs.cy.js",
      "file": "cypress\\e2e\\UI-AboutUs.cy.js",
      "beforeHooks": [],
      "afterHooks": [],
      "tests": [],
      "suites": [
        {
          "uuid": "f5cbccd6-d915-470b-a98d-aff620e4713d",
          "title": "About-Us Page",
          "fullFile": "",
          "file": "",
          "beforeHooks": [],
          "afterHooks": [],
          "tests": [
            {
              "title": "Visit About-Us Page & click on login button",
              "fullTitle": "About-Us Page Visit About-Us Page & click on login button",
              "timedOut": null,
              "duration": 5422,
              "state": "passed",
              "speed": "medium",
              "pass": true,
              "fail": false,
              "pending": false,
              "context": null,
              "code": "cy.visit('https://lysto.gg/about-us');\ncy.contains('Login').click();\ncy.contains('Connect your account').should('be.visible');",
              "err": {},
              "uuid": "3f39e90b-5ef9-4de0-9c91-82381ac575da",
              "parentUUID": "f5cbccd6-d915-470b-a98d-aff620e4713d",
              "isHook": false,
              "skipped": false
            },
            {
              "title": "Verify Tournaments CTA in top bar",
              "fullTitle": "About-Us Page Verify Tournaments CTA in top bar",
              "timedOut": null,
              "duration": 1422,
              "state": "passed",
              "speed": "fast",
              "pass": true,
              "fail": false,
              "pending": false,
              "context": null,
              "code": "cy.visit('https://lysto.gg/about-us');\ncy.contains('Tournaments').should('be.visible');\ncy.get('#Tournament_02').click();\ncy.title().should('eq', 'Tournaments on Lysto : Building Gamers');",
              "err": {},
              "uuid": "21f610ba-790a-4878-a73e-c45ab1e07c76",
              "parentUUID": "f5cbccd6-d915-470b-a98d-aff620e4713d",
              "isHook": false,
              "skipped": false
            },
            {
              "title": "Verify Scrims CTA in top bar",
              "fullTitle": "About-Us Page Verify Scrims CTA in top bar",
              "timedOut": null,
              "duration": 2411,
              "state": "passed",
              "speed": "fast",
              "pass": true,
              "fail": false,
              "pending": false,
              "context": null,
              "code": "cy.visit('https://lysto.gg/about-us');\ncy.contains('Scrims').should('be.visible');\ncy.get('#Popps_06').click();\ncy.contains('Register').should('be.visible');",
              "err": {},
              "uuid": "90c49d59-8cbf-47dd-8ee9-3fef78c59684",
              "parentUUID": "f5cbccd6-d915-470b-a98d-aff620e4713d",
              "isHook": false,
              "skipped": false
            },
            {
              "title": "Verify Contests CTA in top bar",
              "fullTitle": "About-Us Page Verify Contests CTA in top bar",
              "timedOut": null,
              "duration": 1608,
              "state": "passed",
              "speed": "fast",
              "pass": true,
              "fail": false,
              "pending": false,
              "context": null,
              "code": "cy.visit('https://lysto.gg/about-us');\ncy.contains('Contests').should('be.visible');\ncy.get('#Contests_05').click();\ncy.contains('Win Contests Everyday').should('be.visible');",
              "err": {},
              "uuid": "13bccb82-24ef-42a9-8c9a-f9c2b9cab1f7",
              "parentUUID": "f5cbccd6-d915-470b-a98d-aff620e4713d",
              "isHook": false,
              "skipped": false
            },
            {
              "title": "Verify Communities CTA in top bar",
              "fullTitle": "About-Us Page Verify Communities CTA in top bar",
              "timedOut": null,
              "duration": 2794,
              "state": "passed",
              "speed": "fast",
              "pass": true,
              "fail": false,
              "pending": false,
              "context": null,
              "code": "cy.visit('https://lysto.gg/about-us');\ncy.contains('Tournaments').should('be.visible');\ncy.get('#Communities_03').click();\ncy.contains('Top Communities').should('be.visible');",
              "err": {},
              "uuid": "f2f5015c-686e-4f63-82c0-47634bf7f169",
              "parentUUID": "f5cbccd6-d915-470b-a98d-aff620e4713d",
              "isHook": false,
              "skipped": false
            },
            {
              "title": "Verify heading(h1) text in top banner",
              "fullTitle": "About-Us Page Verify heading(h1) text in top banner",
              "timedOut": null,
              "duration": 702,
              "state": "passed",
              "speed": "fast",
              "pass": true,
              "fail": false,
              "pending": false,
              "context": null,
              "code": "cy.visit('https://lysto.gg/about-us');\ncy.contains('Compete. Connect. Win').should('be.visible');",
              "err": {},
              "uuid": "d9a051e2-b24f-4d59-9b96-801673384be0",
              "parentUUID": "f5cbccd6-d915-470b-a98d-aff620e4713d",
              "isHook": false,
              "skipped": false
            },
            {
              "title": "Verify heading(h2) text in top banner",
              "fullTitle": "About-Us Page Verify heading(h2) text in top banner",
              "timedOut": null,
              "duration": 506,
              "state": "passed",
              "speed": "fast",
              "pass": true,
              "fail": false,
              "pending": false,
              "context": null,
              "code": "cy.visit('https://lysto.gg/about-us');\ncy.contains(\"Lysto is a gamer's network, empowering players to build and showcase their gaming creds as they train, challenge and compete, find teams and communities and win rewards, all while playing the games they love.\").should('be.visible');",
              "err": {},
              "uuid": "1e2b218a-22b9-44a4-b44b-dd9602f7690b",
              "parentUUID": "f5cbccd6-d915-470b-a98d-aff620e4713d",
              "isHook": false,
              "skipped": false
            },
            {
              "title": "Verify \"We are hiring!\" section",
              "fullTitle": "About-Us Page Verify \"We are hiring!\" section",
              "timedOut": null,
              "duration": 1063,
              "state": "passed",
              "speed": "fast",
              "pass": true,
              "fail": false,
              "pending": false,
              "context": null,
              "code": "cy.visit('https://lysto.gg/about-us');\ncy.contains('We are hiring!').should('be.visible');\ncy.contains('Join the Team!').should('be.visible');\ncy.contains('Join the Team!').click();",
              "err": {},
              "uuid": "db71e355-88ee-4556-90a1-76d215b6213e",
              "parentUUID": "f5cbccd6-d915-470b-a98d-aff620e4713d",
              "isHook": false,
              "skipped": false
            },
            {
              "title": "Verify angels text & click on angels button",
              "fullTitle": "About-Us Page Verify angels text & click on angels button",
              "timedOut": null,
              "duration": 764,
              "state": "passed",
              "speed": "fast",
              "pass": true,
              "fail": false,
              "pending": false,
              "context": null,
              "code": "cy.visit('https://lysto.gg/about-us');\ncy.contains('Angels').should('be.visible');\ncy.contains('Angels').click();\ncy.get('.IndivualInvestorImages').should('be.visible');",
              "err": {},
              "uuid": "d7951a43-d00c-4d2a-8de1-78553fd95261",
              "parentUUID": "f5cbccd6-d915-470b-a98d-aff620e4713d",
              "isHook": false,
              "skipped": false
            },
            {
              "title": "Verify investors text & click on Investors button",
              "fullTitle": "About-Us Page Verify investors text & click on Investors button",
              "timedOut": null,
              "duration": 913,
              "state": "passed",
              "speed": "fast",
              "pass": true,
              "fail": false,
              "pending": false,
              "context": null,
              "code": "cy.visit('https://lysto.gg/about-us');\ncy.contains('Investors').should('be.visible');\ncy.contains('Investors').click();\ncy.get('.InvestorImages').should('be.visible');",
              "err": {},
              "uuid": "e51bde79-dfc7-4121-99b1-8b9e42654360",
              "parentUUID": "f5cbccd6-d915-470b-a98d-aff620e4713d",
              "isHook": false,
              "skipped": false
            }
          ],
          "suites": [],
          "passes": [
            "3f39e90b-5ef9-4de0-9c91-82381ac575da",
            "21f610ba-790a-4878-a73e-c45ab1e07c76",
            "90c49d59-8cbf-47dd-8ee9-3fef78c59684",
            "13bccb82-24ef-42a9-8c9a-f9c2b9cab1f7",
            "f2f5015c-686e-4f63-82c0-47634bf7f169",
            "d9a051e2-b24f-4d59-9b96-801673384be0",
            "1e2b218a-22b9-44a4-b44b-dd9602f7690b",
            "db71e355-88ee-4556-90a1-76d215b6213e",
            "d7951a43-d00c-4d2a-8de1-78553fd95261",
            "e51bde79-dfc7-4121-99b1-8b9e42654360"
          ],
          "failures": [],
          "pending": [],
          "skipped": [],
          "duration": 17605,
          "root": false,
          "rootEmpty": false,
          "_timeout": 2000
        }
      ],
      "passes": [],
      "failures": [],
      "pending": [],
      "skipped": [],
      "duration": 0,
      "root": true,
      "rootEmpty": true,
      "_timeout": 2000
    }
  ],
  "meta": {
    "mocha": {
      "version": "7.0.1"
    },
    "mochawesome": {
      "options": {
        "quiet": false,
        "reportFilename": "mochawesome",
        "saveHtml": false,
        "saveJson": true,
        "consoleReporter": "spec",
        "useInlineDiffs": false,
        "code": true
      },
      "version": "7.1.3"
    },
    "marge": {
      "options": {
        "overwrite": false,
        "html": false,
        "json": true,
        "reportDir": "cypress\\reports\\html\\.jsons"
      },
      "version": "6.2.0"
    }
  }
}