{
  "stats": {
    "suites": 1,
    "tests": 10,
    "passes": 6,
    "pending": 0,
    "failures": 4,
    "start": "2024-02-07T10:03:22.540Z",
    "end": "2024-02-07T10:03:55.632Z",
    "duration": 33092,
    "testsRegistered": 10,
    "passPercent": 60,
    "pendingPercent": 0,
    "other": 0,
    "hasOther": false,
    "skipped": 0,
    "hasSkipped": false
  },
  "results": [
    {
      "uuid": "9f7f0be1-3515-43cd-9731-f27b771c4fad",
      "title": "",
      "fullFile": "cypress\\e2e\\UI-AboutUs.cy.js",
      "file": "cypress\\e2e\\UI-AboutUs.cy.js",
      "beforeHooks": [],
      "afterHooks": [],
      "tests": [],
      "suites": [
        {
          "uuid": "7dfa3dea-9b0d-4051-b5a7-a18d5714e58a",
          "title": "About-Us Page",
          "fullFile": "",
          "file": "",
          "beforeHooks": [],
          "afterHooks": [],
          "tests": [
            {
              "title": "Visit About-Us Page & click on login button",
              "fullTitle": "About-Us Page Visit About-Us Page & click on login button",
              "timedOut": null,
              "duration": 3391,
              "state": "passed",
              "speed": "fast",
              "pass": true,
              "fail": false,
              "pending": false,
              "context": null,
              "code": "cy.visit('https://lysto.gg/about-us');\ncy.contains('Login').click();\ncy.contains('Connect your account').should('be.visible');",
              "err": {},
              "uuid": "87944770-3e63-4f96-bd5e-d330a6dd170b",
              "parentUUID": "7dfa3dea-9b0d-4051-b5a7-a18d5714e58a",
              "isHook": false,
              "skipped": false
            },
            {
              "title": "Verify Tournaments CTA in top bar",
              "fullTitle": "About-Us Page Verify Tournaments CTA in top bar",
              "timedOut": null,
              "duration": 4935,
              "state": "failed",
              "speed": null,
              "pass": false,
              "fail": true,
              "pending": false,
              "context": "{\n  \"title\": \"cypress-mochawesome-reporter-screenshots\",\n  \"value\": [\n    [\n      \"\\\\UI-AboutUs.cy.js\\\\About-Us Page -- Verify Tournaments CTA in top bar (failed).png\"\n    ]\n  ]\n}",
              "code": "cy.visit('https://lysto.gg/about-us');\ncy.contains('Tournaments').should('be.visible');\ncy.get('#Tournament_02').click();\ncy.title().should('eq', 'Tournaments on Lysto : Building Gamers');",
              "err": {
                "message": "CypressError: Timed out retrying after 4050ms: `cy.click()` failed because the page updated while this command was executing. Cypress tried to locate elements based on this query:\n\n> cy.get(#Tournament_02)\n\nWe initially found matching element(s), but while waiting for them to become actionable, they disappeared from the page. Common situations why this happens:\n  - Your JS framework re-rendered asynchronously\n  - Your app code reacted to an event firing and removed the element\n\nYou can typically solve this by breaking up a chain. For example, rewrite:\n\n> `cy.get('button').click().click()`\n\nto\n\n> `cy.get('button').as('btn').click()`\n> `cy.get('@btn').click()`\n\nhttps://on.cypress.io/element-has-detached-from-dom",
                "estack": "CypressError: Timed out retrying after 4050ms: `cy.click()` failed because the page updated while this command was executing. Cypress tried to locate elements based on this query:\n\n> cy.get(#Tournament_02)\n\nWe initially found matching element(s), but while waiting for them to become actionable, they disappeared from the page. Common situations why this happens:\n  - Your JS framework re-rendered asynchronously\n  - Your app code reacted to an event firing and removed the element\n\nYou can typically solve this by breaking up a chain. For example, rewrite:\n\n> `cy.get('button').click().click()`\n\nto\n\n> `cy.get('button').as('btn').click()`\n> `cy.get('@btn').click()`\n\nhttps://on.cypress.io/element-has-detached-from-dom\n    at retryActionability (https://lysto.gg/__cypress/runner/cypress_runner.js:112067:74)\n    at tryCatcher (https://lysto.gg/__cypress/runner/cypress_runner.js:1807:23)\n    at Promise.attempt.Promise.try (https://lysto.gg/__cypress/runner/cypress_runner.js:4315:29)\n    at whenStable (https://lysto.gg/__cypress/runner/cypress_runner.js:143866:68)\n    at <unknown> (https://lysto.gg/__cypress/runner/cypress_runner.js:143807:14)\n    at tryCatcher (https://lysto.gg/__cypress/runner/cypress_runner.js:1807:23)\n    at Promise._settlePromiseFromHandler (https://lysto.gg/__cypress/runner/cypress_runner.js:1519:31)\n    at Promise._settlePromise (https://lysto.gg/__cypress/runner/cypress_runner.js:1576:18)\n    at Promise._settlePromise0 (https://lysto.gg/__cypress/runner/cypress_runner.js:1621:10)\n    at Promise._settlePromises (https://lysto.gg/__cypress/runner/cypress_runner.js:1701:18)\n    at Promise._fulfill (https://lysto.gg/__cypress/runner/cypress_runner.js:1645:18)\n    at <unknown> (https://lysto.gg/__cypress/runner/cypress_runner.js:5450:46)\nFrom Your Spec Code:\n    at Context.eval (webpack://lystoprod/./cypress/e2e/UI-AboutUs.cy.js:13:33)",
                "diff": null
              },
              "uuid": "2b3d362f-e148-41d0-a089-1247ab7590a2",
              "parentUUID": "7dfa3dea-9b0d-4051-b5a7-a18d5714e58a",
              "isHook": false,
              "skipped": false
            },
            {
              "title": "Verify Scrims CTA in top bar",
              "fullTitle": "About-Us Page Verify Scrims CTA in top bar",
              "timedOut": null,
              "duration": 5651,
              "state": "failed",
              "speed": null,
              "pass": false,
              "fail": true,
              "pending": false,
              "context": "{\n  \"title\": \"cypress-mochawesome-reporter-screenshots\",\n  \"value\": [\n    [\n      \"\\\\UI-AboutUs.cy.js\\\\About-Us Page -- Verify Scrims CTA in top bar (failed).png\"\n    ]\n  ]\n}",
              "code": "cy.visit('https://lysto.gg/about-us');\ncy.contains('Scrims').should('be.visible');\ncy.get('#Popps_06').click();\ncy.contains('Register').should('be.visible');",
              "err": {
                "message": "CypressError: Timed out retrying after 4050ms: `cy.click()` failed because the page updated while this command was executing. Cypress tried to locate elements based on this query:\n\n> cy.get(#Popps_06)\n\nWe initially found matching element(s), but while waiting for them to become actionable, they disappeared from the page. Common situations why this happens:\n  - Your JS framework re-rendered asynchronously\n  - Your app code reacted to an event firing and removed the element\n\nYou can typically solve this by breaking up a chain. For example, rewrite:\n\n> `cy.get('button').click().click()`\n\nto\n\n> `cy.get('button').as('btn').click()`\n> `cy.get('@btn').click()`\n\nhttps://on.cypress.io/element-has-detached-from-dom",
                "estack": "CypressError: Timed out retrying after 4050ms: `cy.click()` failed because the page updated while this command was executing. Cypress tried to locate elements based on this query:\n\n> cy.get(#Popps_06)\n\nWe initially found matching element(s), but while waiting for them to become actionable, they disappeared from the page. Common situations why this happens:\n  - Your JS framework re-rendered asynchronously\n  - Your app code reacted to an event firing and removed the element\n\nYou can typically solve this by breaking up a chain. For example, rewrite:\n\n> `cy.get('button').click().click()`\n\nto\n\n> `cy.get('button').as('btn').click()`\n> `cy.get('@btn').click()`\n\nhttps://on.cypress.io/element-has-detached-from-dom\n    at retryActionability (https://lysto.gg/__cypress/runner/cypress_runner.js:112067:74)\n    at tryCatcher (https://lysto.gg/__cypress/runner/cypress_runner.js:1807:23)\n    at Promise.attempt.Promise.try (https://lysto.gg/__cypress/runner/cypress_runner.js:4315:29)\n    at whenStable (https://lysto.gg/__cypress/runner/cypress_runner.js:143866:68)\n    at <unknown> (https://lysto.gg/__cypress/runner/cypress_runner.js:143807:14)\n    at tryCatcher (https://lysto.gg/__cypress/runner/cypress_runner.js:1807:23)\n    at Promise._settlePromiseFromHandler (https://lysto.gg/__cypress/runner/cypress_runner.js:1519:31)\n    at Promise._settlePromise (https://lysto.gg/__cypress/runner/cypress_runner.js:1576:18)\n    at Promise._settlePromise0 (https://lysto.gg/__cypress/runner/cypress_runner.js:1621:10)\n    at Promise._settlePromises (https://lysto.gg/__cypress/runner/cypress_runner.js:1701:18)\n    at Promise._fulfill (https://lysto.gg/__cypress/runner/cypress_runner.js:1645:18)\n    at <unknown> (https://lysto.gg/__cypress/runner/cypress_runner.js:5450:46)\nFrom Your Spec Code:\n    at Context.eval (webpack://lystoprod/./cypress/e2e/UI-AboutUs.cy.js:19:28)",
                "diff": null
              },
              "uuid": "0fe5b75b-9c49-44b8-b127-4ed52c53b892",
              "parentUUID": "7dfa3dea-9b0d-4051-b5a7-a18d5714e58a",
              "isHook": false,
              "skipped": false
            },
            {
              "title": "Verify Contests CTA in top bar",
              "fullTitle": "About-Us Page Verify Contests CTA in top bar",
              "timedOut": null,
              "duration": 5426,
              "state": "failed",
              "speed": null,
              "pass": false,
              "fail": true,
              "pending": false,
              "context": "{\n  \"title\": \"cypress-mochawesome-reporter-screenshots\",\n  \"value\": [\n    [\n      \"\\\\UI-AboutUs.cy.js\\\\About-Us Page -- Verify Contests CTA in top bar (failed).png\"\n    ]\n  ]\n}",
              "code": "cy.visit('https://lysto.gg/about-us');\ncy.contains('Contests').should('be.visible');\ncy.get('#Contests_05').click();\ncy.contains('Win Contests Everyday').should('be.visible');",
              "err": {
                "message": "CypressError: Timed out retrying after 4050ms: `cy.click()` failed because the page updated while this command was executing. Cypress tried to locate elements based on this query:\n\n> cy.get(#Contests_05)\n\nWe initially found matching element(s), but while waiting for them to become actionable, they disappeared from the page. Common situations why this happens:\n  - Your JS framework re-rendered asynchronously\n  - Your app code reacted to an event firing and removed the element\n\nYou can typically solve this by breaking up a chain. For example, rewrite:\n\n> `cy.get('button').click().click()`\n\nto\n\n> `cy.get('button').as('btn').click()`\n> `cy.get('@btn').click()`\n\nhttps://on.cypress.io/element-has-detached-from-dom",
                "estack": "CypressError: Timed out retrying after 4050ms: `cy.click()` failed because the page updated while this command was executing. Cypress tried to locate elements based on this query:\n\n> cy.get(#Contests_05)\n\nWe initially found matching element(s), but while waiting for them to become actionable, they disappeared from the page. Common situations why this happens:\n  - Your JS framework re-rendered asynchronously\n  - Your app code reacted to an event firing and removed the element\n\nYou can typically solve this by breaking up a chain. For example, rewrite:\n\n> `cy.get('button').click().click()`\n\nto\n\n> `cy.get('button').as('btn').click()`\n> `cy.get('@btn').click()`\n\nhttps://on.cypress.io/element-has-detached-from-dom\n    at retryActionability (https://lysto.gg/__cypress/runner/cypress_runner.js:112067:74)\n    at tryCatcher (https://lysto.gg/__cypress/runner/cypress_runner.js:1807:23)\n    at Promise.attempt.Promise.try (https://lysto.gg/__cypress/runner/cypress_runner.js:4315:29)\n    at whenStable (https://lysto.gg/__cypress/runner/cypress_runner.js:143866:68)\n    at <unknown> (https://lysto.gg/__cypress/runner/cypress_runner.js:143807:14)\n    at tryCatcher (https://lysto.gg/__cypress/runner/cypress_runner.js:1807:23)\n    at Promise._settlePromiseFromHandler (https://lysto.gg/__cypress/runner/cypress_runner.js:1519:31)\n    at Promise._settlePromise (https://lysto.gg/__cypress/runner/cypress_runner.js:1576:18)\n    at Promise._settlePromise0 (https://lysto.gg/__cypress/runner/cypress_runner.js:1621:10)\n    at Promise._settlePromises (https://lysto.gg/__cypress/runner/cypress_runner.js:1701:18)\n    at Promise._fulfill (https://lysto.gg/__cypress/runner/cypress_runner.js:1645:18)\n    at <unknown> (https://lysto.gg/__cypress/runner/cypress_runner.js:5450:46)\nFrom Your Spec Code:\n    at Context.eval (webpack://lystoprod/./cypress/e2e/UI-AboutUs.cy.js:25:31)",
                "diff": null
              },
              "uuid": "c02cc4ab-8c98-42d6-b024-2f7f00e5dd5f",
              "parentUUID": "7dfa3dea-9b0d-4051-b5a7-a18d5714e58a",
              "isHook": false,
              "skipped": false
            },
            {
              "title": "Verify Communities CTA in top bar",
              "fullTitle": "About-Us Page Verify Communities CTA in top bar",
              "timedOut": null,
              "duration": 4886,
              "state": "failed",
              "speed": null,
              "pass": false,
              "fail": true,
              "pending": false,
              "context": "{\n  \"title\": \"cypress-mochawesome-reporter-screenshots\",\n  \"value\": [\n    [\n      \"\\\\UI-AboutUs.cy.js\\\\About-Us Page -- Verify Communities CTA in top bar (failed).png\"\n    ]\n  ]\n}",
              "code": "cy.visit('https://lysto.gg/about-us');\ncy.contains('Tournaments').should('be.visible');\ncy.get('#Communities_03').click();\ncy.contains('Top Communities').should('be.visible');",
              "err": {
                "message": "CypressError: Timed out retrying after 4050ms: `cy.click()` failed because the page updated while this command was executing. Cypress tried to locate elements based on this query:\n\n> cy.get(#Communities_03)\n\nWe initially found matching element(s), but while waiting for them to become actionable, they disappeared from the page. Common situations why this happens:\n  - Your JS framework re-rendered asynchronously\n  - Your app code reacted to an event firing and removed the element\n\nYou can typically solve this by breaking up a chain. For example, rewrite:\n\n> `cy.get('button').click().click()`\n\nto\n\n> `cy.get('button').as('btn').click()`\n> `cy.get('@btn').click()`\n\nhttps://on.cypress.io/element-has-detached-from-dom",
                "estack": "CypressError: Timed out retrying after 4050ms: `cy.click()` failed because the page updated while this command was executing. Cypress tried to locate elements based on this query:\n\n> cy.get(#Communities_03)\n\nWe initially found matching element(s), but while waiting for them to become actionable, they disappeared from the page. Common situations why this happens:\n  - Your JS framework re-rendered asynchronously\n  - Your app code reacted to an event firing and removed the element\n\nYou can typically solve this by breaking up a chain. For example, rewrite:\n\n> `cy.get('button').click().click()`\n\nto\n\n> `cy.get('button').as('btn').click()`\n> `cy.get('@btn').click()`\n\nhttps://on.cypress.io/element-has-detached-from-dom\n    at retryActionability (https://lysto.gg/__cypress/runner/cypress_runner.js:112067:74)\n    at tryCatcher (https://lysto.gg/__cypress/runner/cypress_runner.js:1807:23)\n    at Promise.attempt.Promise.try (https://lysto.gg/__cypress/runner/cypress_runner.js:4315:29)\n    at whenStable (https://lysto.gg/__cypress/runner/cypress_runner.js:143866:68)\n    at <unknown> (https://lysto.gg/__cypress/runner/cypress_runner.js:143807:14)\n    at tryCatcher (https://lysto.gg/__cypress/runner/cypress_runner.js:1807:23)\n    at Promise._settlePromiseFromHandler (https://lysto.gg/__cypress/runner/cypress_runner.js:1519:31)\n    at Promise._settlePromise (https://lysto.gg/__cypress/runner/cypress_runner.js:1576:18)\n    at Promise._settlePromise0 (https://lysto.gg/__cypress/runner/cypress_runner.js:1621:10)\n    at Promise._settlePromises (https://lysto.gg/__cypress/runner/cypress_runner.js:1701:18)\n    at Promise._fulfill (https://lysto.gg/__cypress/runner/cypress_runner.js:1645:18)\n    at <unknown> (https://lysto.gg/__cypress/runner/cypress_runner.js:5450:46)\nFrom Your Spec Code:\n    at Context.eval (webpack://lystoprod/./cypress/e2e/UI-AboutUs.cy.js:31:34)",
                "diff": null
              },
              "uuid": "e51604ff-d8d9-4585-8b07-b472954bad96",
              "parentUUID": "7dfa3dea-9b0d-4051-b5a7-a18d5714e58a",
              "isHook": false,
              "skipped": false
            },
            {
              "title": "Verify heading(h1) text in top banner",
              "fullTitle": "About-Us Page Verify heading(h1) text in top banner",
              "timedOut": null,
              "duration": 1077,
              "state": "passed",
              "speed": "fast",
              "pass": true,
              "fail": false,
              "pending": false,
              "context": null,
              "code": "cy.visit('https://lysto.gg/about-us');\ncy.contains('Compete. Connect. Win').should('be.visible');",
              "err": {},
              "uuid": "c1a92544-3d1a-44a4-b02d-4eb61dbef350",
              "parentUUID": "7dfa3dea-9b0d-4051-b5a7-a18d5714e58a",
              "isHook": false,
              "skipped": false
            },
            {
              "title": "Verify heading(h2) text in top banner",
              "fullTitle": "About-Us Page Verify heading(h2) text in top banner",
              "timedOut": null,
              "duration": 1042,
              "state": "passed",
              "speed": "fast",
              "pass": true,
              "fail": false,
              "pending": false,
              "context": null,
              "code": "cy.visit('https://lysto.gg/about-us');\ncy.contains(\"Lysto is a gamer's network, empowering players to build and showcase their gaming creds as they train, challenge and compete, find teams and communities and win rewards, all while playing the games they love.\").should('be.visible');",
              "err": {},
              "uuid": "60ea7091-c599-4ba1-b2b8-40e787b44da1",
              "parentUUID": "7dfa3dea-9b0d-4051-b5a7-a18d5714e58a",
              "isHook": false,
              "skipped": false
            },
            {
              "title": "Verify \"We are hiring!\" section",
              "fullTitle": "About-Us Page Verify \"We are hiring!\" section",
              "timedOut": null,
              "duration": 1104,
              "state": "passed",
              "speed": "fast",
              "pass": true,
              "fail": false,
              "pending": false,
              "context": null,
              "code": "cy.visit('https://lysto.gg/about-us');\ncy.contains('We are hiring!').should('be.visible');\ncy.contains('Join the Team!').should('be.visible');\ncy.contains('Join the Team!').click();",
              "err": {},
              "uuid": "e321267d-e73a-4b70-90e3-c1ddb02a7443",
              "parentUUID": "7dfa3dea-9b0d-4051-b5a7-a18d5714e58a",
              "isHook": false,
              "skipped": false
            },
            {
              "title": "Verify angels text & click on angels button",
              "fullTitle": "About-Us Page Verify angels text & click on angels button",
              "timedOut": null,
              "duration": 664,
              "state": "passed",
              "speed": "fast",
              "pass": true,
              "fail": false,
              "pending": false,
              "context": null,
              "code": "cy.visit('https://lysto.gg/about-us');\ncy.contains('Angels').should('be.visible');\ncy.contains('Angels').click();\ncy.get('.IndivualInvestorImages').should('be.visible');",
              "err": {},
              "uuid": "b20c1bb8-a8d6-48de-81e4-5ae9731d4173",
              "parentUUID": "7dfa3dea-9b0d-4051-b5a7-a18d5714e58a",
              "isHook": false,
              "skipped": false
            },
            {
              "title": "Verify investors text & click on Investors button",
              "fullTitle": "About-Us Page Verify investors text & click on Investors button",
              "timedOut": null,
              "duration": 765,
              "state": "passed",
              "speed": "fast",
              "pass": true,
              "fail": false,
              "pending": false,
              "context": null,
              "code": "cy.visit('https://lysto.gg/about-us');\ncy.contains('Investors').should('be.visible');\ncy.contains('Investors').click();\ncy.get('.InvestorImages').should('be.visible');",
              "err": {},
              "uuid": "27c7e8c8-aae3-48fe-83e2-00a65beb7e43",
              "parentUUID": "7dfa3dea-9b0d-4051-b5a7-a18d5714e58a",
              "isHook": false,
              "skipped": false
            }
          ],
          "suites": [],
          "passes": [
            "87944770-3e63-4f96-bd5e-d330a6dd170b",
            "c1a92544-3d1a-44a4-b02d-4eb61dbef350",
            "60ea7091-c599-4ba1-b2b8-40e787b44da1",
            "e321267d-e73a-4b70-90e3-c1ddb02a7443",
            "b20c1bb8-a8d6-48de-81e4-5ae9731d4173",
            "27c7e8c8-aae3-48fe-83e2-00a65beb7e43"
          ],
          "failures": [
            "2b3d362f-e148-41d0-a089-1247ab7590a2",
            "0fe5b75b-9c49-44b8-b127-4ed52c53b892",
            "c02cc4ab-8c98-42d6-b024-2f7f00e5dd5f",
            "e51604ff-d8d9-4585-8b07-b472954bad96"
          ],
          "pending": [],
          "skipped": [],
          "duration": 28941,
          "root": false,
          "rootEmpty": false,
          "_timeout": 2000
        }
      ],
      "passes": [],
      "failures": [],
      "pending": [],
      "skipped": [],
      "duration": 0,
      "root": true,
      "rootEmpty": true,
      "_timeout": 2000
    }
  ],
  "meta": {
    "mocha": {
      "version": "7.0.1"
    },
    "mochawesome": {
      "options": {
        "quiet": false,
        "reportFilename": "mochawesome",
        "saveHtml": false,
        "saveJson": true,
        "consoleReporter": "spec",
        "useInlineDiffs": false,
        "code": true
      },
      "version": "7.1.3"
    },
    "marge": {
      "options": {
        "overwrite": false,
        "html": false,
        "json": true,
        "reportDir": "cypress\\reports\\html\\.jsons"
      },
      "version": "6.2.0"
    }
  }
}