{
  "stats": {
    "suites": 1,
    "tests": 22,
    "passes": 22,
    "pending": 0,
    "failures": 0,
    "start": "2024-02-07T10:03:58.445Z",
    "end": "2024-02-07T10:05:17.432Z",
    "duration": 78987,
    "testsRegistered": 22,
    "passPercent": 100,
    "pendingPercent": 0,
    "other": 0,
    "hasOther": false,
    "skipped": 0,
    "hasSkipped": false
  },
  "results": [
    {
      "uuid": "a7eb2707-0bdf-45e2-abb3-7b7b52efdc3d",
      "title": "",
      "fullFile": "cypress\\e2e\\UI-Communities.cy.js",
      "file": "cypress\\e2e\\UI-Communities.cy.js",
      "beforeHooks": [],
      "afterHooks": [],
      "tests": [],
      "suites": [
        {
          "uuid": "3e2ec8b7-88fc-445c-aa40-97af8a067d94",
          "title": "Communities page",
          "fullFile": "",
          "file": "",
          "beforeHooks": [],
          "afterHooks": [],
          "tests": [
            {
              "title": "Visit communities listing page and verify Top communities text is visible or not",
              "fullTitle": "Communities page Visit communities listing page and verify Top communities text is visible or not",
              "timedOut": null,
              "duration": 1471,
              "state": "passed",
              "speed": "fast",
              "pass": true,
              "fail": false,
              "pending": false,
              "context": null,
              "code": "cy.visit('https://lysto.gg/communities');\ncy.contains('Top Communities').should('be.visible');",
              "err": {},
              "uuid": "d17bc9da-569d-41d0-9160-c9931248cd70",
              "parentUUID": "3e2ec8b7-88fc-445c-aa40-97af8a067d94",
              "isHook": false,
              "skipped": false
            },
            {
              "title": "Verify 09 configured communities are present are not in listing page: 1) Deepwoken ",
              "fullTitle": "Communities page Verify 09 configured communities are present are not in listing page: 1) Deepwoken ",
              "timedOut": null,
              "duration": 1324,
              "state": "passed",
              "speed": "fast",
              "pass": true,
              "fail": false,
              "pending": false,
              "context": null,
              "code": "cy.visit('https://lysto.gg/communities');\ncy.xpath('/html/body/div[1]/div/div[2]/div[2]/div[2]/div/div[29]/div/p[1]').should('be.visible');\ncy.contains('Deepwoken').should('be.visible');",
              "err": {},
              "uuid": "6c897a82-631d-41fe-a722-fdc385a47664",
              "parentUUID": "3e2ec8b7-88fc-445c-aa40-97af8a067d94",
              "isHook": false,
              "skipped": false
            },
            {
              "title": "2) One Nation Esport... ",
              "fullTitle": "Communities page 2) One Nation Esport... ",
              "timedOut": null,
              "duration": 1187,
              "state": "passed",
              "speed": "fast",
              "pass": true,
              "fail": false,
              "pending": false,
              "context": null,
              "code": "cy.visit('https://lysto.gg/communities');\ncy.xpath('/html/body/div[1]/div/div[2]/div[2]/div[2]/div/div[11]/div/p[1]').should('be.visible');",
              "err": {},
              "uuid": "af3c16f4-2646-40b4-8e2a-d31c79b57abe",
              "parentUUID": "3e2ec8b7-88fc-445c-aa40-97af8a067d94",
              "isHook": false,
              "skipped": false
            },
            {
              "title": "3) Teenager Esports ",
              "fullTitle": "Communities page 3) Teenager Esports ",
              "timedOut": null,
              "duration": 1854,
              "state": "passed",
              "speed": "fast",
              "pass": true,
              "fail": false,
              "pending": false,
              "context": null,
              "code": "cy.visit('https://lysto.gg/communities');\ncy.xpath('/html/body/div[1]/div/div[2]/div[2]/div[2]/div/div[15]/div/p[1]').should('be.visible');\ncy.contains('Teenager Esports').should('be.visible');",
              "err": {},
              "uuid": "0e1cee43-2897-48f8-aadc-c9d3ba09aa2d",
              "parentUUID": "3e2ec8b7-88fc-445c-aa40-97af8a067d94",
              "isHook": false,
              "skipped": false
            },
            {
              "title": "4) Black Revengers",
              "fullTitle": "Communities page 4) Black Revengers",
              "timedOut": null,
              "duration": 1250,
              "state": "passed",
              "speed": "fast",
              "pass": true,
              "fail": false,
              "pending": false,
              "context": null,
              "code": "cy.visit('https://lysto.gg/communities');\ncy.xpath('/html/body/div[1]/div/div[2]/div[2]/div[2]/div/div[24]/div/p[1]').should('be.visible');\ncy.contains('Black Revengers').should('be.visible');",
              "err": {},
              "uuid": "470431c4-7f48-4165-8b5a-1fd11bdba077",
              "parentUUID": "3e2ec8b7-88fc-445c-aa40-97af8a067d94",
              "isHook": false,
              "skipped": false
            },
            {
              "title": "5) Nookazon",
              "fullTitle": "Communities page 5) Nookazon",
              "timedOut": null,
              "duration": 1182,
              "state": "passed",
              "speed": "fast",
              "pass": true,
              "fail": false,
              "pending": false,
              "context": null,
              "code": "cy.visit('https://lysto.gg/communities');\ncy.xpath('/html/body/div[1]/div/div[2]/div[2]/div[2]/div/div[45]/div/p[1]').should('be.visible');\ncy.contains('Nookazon').should('be.visible');",
              "err": {},
              "uuid": "aa5a166e-cd77-421b-8556-68736f59a8ea",
              "parentUUID": "3e2ec8b7-88fc-445c-aa40-97af8a067d94",
              "isHook": false,
              "skipped": false
            },
            {
              "title": "6) PUBG MOBILE",
              "fullTitle": "Communities page 6) PUBG MOBILE",
              "timedOut": null,
              "duration": 1358,
              "state": "passed",
              "speed": "fast",
              "pass": true,
              "fail": false,
              "pending": false,
              "context": null,
              "code": "cy.visit('https://lysto.gg/communities');\ncy.xpath('/html/body/div[1]/div/div[2]/div[2]/div[2]/div/div[48]/div/p[1]').should('be.visible');\ncy.contains('PUBG MOBILE').should('be.visible');",
              "err": {},
              "uuid": "19944d6d-c9c2-4e3f-aa9f-17806a7a5bbf",
              "parentUUID": "3e2ec8b7-88fc-445c-aa40-97af8a067d94",
              "isHook": false,
              "skipped": false
            },
            {
              "title": "7) Valorant",
              "fullTitle": "Communities page 7) Valorant",
              "timedOut": null,
              "duration": 1330,
              "state": "passed",
              "speed": "fast",
              "pass": true,
              "fail": false,
              "pending": false,
              "context": null,
              "code": "cy.visit('https://lysto.gg/communities');\ncy.xpath('/html/body/div[1]/div/div[2]/div[2]/div[2]/div/div[49]/div/p[1]').should('be.visible');\ncy.contains('Valorant').should('be.visible');",
              "err": {},
              "uuid": "21aeed9d-2d42-4cce-a2b0-94807a927051",
              "parentUUID": "3e2ec8b7-88fc-445c-aa40-97af8a067d94",
              "isHook": false,
              "skipped": false
            },
            {
              "title": "8) Villager Esports",
              "fullTitle": "Communities page 8) Villager Esports",
              "timedOut": null,
              "duration": 1319,
              "state": "passed",
              "speed": "fast",
              "pass": true,
              "fail": false,
              "pending": false,
              "context": null,
              "code": "cy.visit('https://lysto.gg/communities');\ncy.xpath('/html/body/div[1]/div/div[2]/div[2]/div[2]/div/div[62]/div/p[1]').should('be.visible');\ncy.contains('Villager Esports').should('be.visible');",
              "err": {},
              "uuid": "fe3672ab-f24c-4574-9fc1-1d56ab357f99",
              "parentUUID": "3e2ec8b7-88fc-445c-aa40-97af8a067d94",
              "isHook": false,
              "skipped": false
            },
            {
              "title": "9) Metanomy",
              "fullTitle": "Communities page 9) Metanomy",
              "timedOut": null,
              "duration": 1773,
              "state": "passed",
              "speed": "fast",
              "pass": true,
              "fail": false,
              "pending": false,
              "context": null,
              "code": "cy.visit('https://lysto.gg/communities');\ncy.xpath('/html/body/div[1]/div/div[2]/div[2]/div[2]/div/div[63]/div/p[1]').should('be.visible');\ncy.contains('Metanomy').should('be.visible');",
              "err": {},
              "uuid": "9d0aa807-d526-47fc-b815-5e2ca8586289",
              "parentUUID": "3e2ec8b7-88fc-445c-aa40-97af8a067d94",
              "isHook": false,
              "skipped": false
            },
            {
              "title": "Visit communities detail page and verify community name",
              "fullTitle": "Communities page Visit communities detail page and verify community name",
              "timedOut": null,
              "duration": 28007,
              "state": "passed",
              "speed": "slow",
              "pass": true,
              "fail": false,
              "pending": false,
              "context": null,
              "code": "cy.visit('https://lysto.gg/communities/metanomy-1');\ncy.xpath('/html/body/div[1]/div/div[2]/div[2]/div[1]/div/div/div[1]/div[1]/p').should('have.text', 'Metanomy');",
              "err": {},
              "uuid": "f7ee1402-4c6a-4662-8a40-734e999c755f",
              "parentUUID": "3e2ec8b7-88fc-445c-aa40-97af8a067d94",
              "isHook": false,
              "skipped": false
            },
            {
              "title": "Verify community DP is visible or not in top banner ",
              "fullTitle": "Communities page Verify community DP is visible or not in top banner ",
              "timedOut": null,
              "duration": 2095,
              "state": "passed",
              "speed": "fast",
              "pass": true,
              "fail": false,
              "pending": false,
              "context": null,
              "code": "cy.visit('https://lysto.gg/communities/metanomy-1');\ncy.get('Img[src=\"https://storage.googleapis.com/tally-response-assets/BEOX0w/b50a4c54-fe3e-4a65-ab55-832c36e8bfa1/Copy-of-LystoMTNY.png\"]').should('be.visible');",
              "err": {},
              "uuid": "8dc95a44-cdaf-4b4a-ba70-da0dee307838",
              "parentUUID": "3e2ec8b7-88fc-445c-aa40-97af8a067d94",
              "isHook": false,
              "skipped": false
            },
            {
              "title": "Verify community description or not in top banner",
              "fullTitle": "Communities page Verify community description or not in top banner",
              "timedOut": null,
              "duration": 1411,
              "state": "passed",
              "speed": "fast",
              "pass": true,
              "fail": false,
              "pending": false,
              "context": null,
              "code": "cy.visit('https://lysto.gg/communities/metanomy-1');\ncy.contains('Player driver next-gen esports. Earn rewards while gaming, creating and upscaling towards a career in gaming sports.').should('be.visible');",
              "err": {},
              "uuid": "442bcfca-24ce-46da-bd0f-45747311c03d",
              "parentUUID": "3e2ec8b7-88fc-445c-aa40-97af8a067d94",
              "isHook": false,
              "skipped": false
            },
            {
              "title": "Verify Login to Join button visible or not in top banner",
              "fullTitle": "Communities page Verify Login to Join button visible or not in top banner",
              "timedOut": null,
              "duration": 1440,
              "state": "passed",
              "speed": "fast",
              "pass": true,
              "fail": false,
              "pending": false,
              "context": null,
              "code": "cy.visit('https://lysto.gg/communities/metanomy-1');\ncy.xpath('/html/body/div[1]/div/div[2]/div[2]/div[1]/div/div/div[1]/div[2]/div/div/div/p').should('have.text', 'Login to Join');",
              "err": {},
              "uuid": "addb833c-640f-4b27-a39e-1f1bc6e1ceec",
              "parentUUID": "3e2ec8b7-88fc-445c-aa40-97af8a067d94",
              "isHook": false,
              "skipped": false
            },
            {
              "title": "Verify \"Metanomys Featured Players\" text is present or not",
              "fullTitle": "Communities page Verify \"Metanomys Featured Players\" text is present or not",
              "timedOut": null,
              "duration": 5210,
              "state": "passed",
              "speed": "medium",
              "pass": true,
              "fail": false,
              "pending": false,
              "context": null,
              "code": "cy.visit('https://lysto.gg/communities/metanomy-1');\ncy.xpath('/html/body/div[1]/div/div[2]/div[2]/div[2]/p').should('have.text', \"Metanomy’s Featured Players\");",
              "err": {},
              "uuid": "c558f2cd-1a8e-45e7-b59b-f0657d96aa7f",
              "parentUUID": "3e2ec8b7-88fc-445c-aa40-97af8a067d94",
              "isHook": false,
              "skipped": false
            },
            {
              "title": "Verify one of the feature player card is present or not",
              "fullTitle": "Communities page Verify one of the feature player card is present or not",
              "timedOut": null,
              "duration": 4441,
              "state": "passed",
              "speed": "fast",
              "pass": true,
              "fail": false,
              "pending": false,
              "context": null,
              "code": "cy.visit('https://lysto.gg/communities/metanomy-1');\ncy.contains('Naveen Kumar').should('be.visible');",
              "err": {},
              "uuid": "71fb2dae-fbb6-4e04-b035-07b1da6aadc6",
              "parentUUID": "3e2ec8b7-88fc-445c-aa40-97af8a067d94",
              "isHook": false,
              "skipped": false
            },
            {
              "title": "Verify \"Featured News\" text is present or not",
              "fullTitle": "Communities page Verify \"Featured News\" text is present or not",
              "timedOut": null,
              "duration": 1871,
              "state": "passed",
              "speed": "fast",
              "pass": true,
              "fail": false,
              "pending": false,
              "context": null,
              "code": "cy.visit('https://lysto.gg/communities/metanomy-1');\ncy.contains('Featured News').should('be.visible');",
              "err": {},
              "uuid": "323fa142-7bf5-4303-bb4b-33c1c4ead7d4",
              "parentUUID": "3e2ec8b7-88fc-445c-aa40-97af8a067d94",
              "isHook": false,
              "skipped": false
            },
            {
              "title": "Verify Total Members count is present or not",
              "fullTitle": "Communities page Verify Total Members count is present or not",
              "timedOut": null,
              "duration": 1281,
              "state": "passed",
              "speed": "fast",
              "pass": true,
              "fail": false,
              "pending": false,
              "context": null,
              "code": "cy.visit('https://lysto.gg/communities/metanomy-1');\ncy.contains('Total Members').should('be.visible');\ncy.contains('81K+').should('be.visible');\ncy.get('Img[src=\"/static/images/ic_popps_count.svg\"]').should('be.visible');",
              "err": {},
              "uuid": "6450296b-6981-42b4-bb34-1615a98d4758",
              "parentUUID": "3e2ec8b7-88fc-445c-aa40-97af8a067d94",
              "isHook": false,
              "skipped": false
            },
            {
              "title": "Verify Total Partnered Games count is present or not",
              "fullTitle": "Communities page Verify Total Partnered Games count is present or not",
              "timedOut": null,
              "duration": 1282,
              "state": "passed",
              "speed": "fast",
              "pass": true,
              "fail": false,
              "pending": false,
              "context": null,
              "code": "cy.visit('https://lysto.gg/communities/metanomy-1');\ncy.contains('Total Partnered Games').should('be.visible');\ncy.contains('13+').should('be.visible');\ncy.get('Img[src=\"/static/images/ic_gamers_count.svg\"]').should('be.visible');",
              "err": {},
              "uuid": "85708fd3-2079-4744-a308-6db5c2ab59ff",
              "parentUUID": "3e2ec8b7-88fc-445c-aa40-97af8a067d94",
              "isHook": false,
              "skipped": false
            },
            {
              "title": "Verify Total Tournaments count is present or not",
              "fullTitle": "Communities page Verify Total Tournaments count is present or not",
              "timedOut": null,
              "duration": 640,
              "state": "passed",
              "speed": "fast",
              "pass": true,
              "fail": false,
              "pending": false,
              "context": null,
              "code": "cy.visit('https://lysto.gg/communities/metanomy-1');\ncy.contains('Total Tournaments').should('be.visible');\ncy.contains('0+').should('be.visible');\ncy.get('Img[src=\"/static/images/ic_game_count.svg\"]').should('be.visible');",
              "err": {},
              "uuid": "202f6eb9-e8e9-4e9c-9427-3f97a859047b",
              "parentUUID": "3e2ec8b7-88fc-445c-aa40-97af8a067d94",
              "isHook": false,
              "skipped": false
            },
            {
              "title": "Verify \"Partnered Games\" text is present or not",
              "fullTitle": "Communities page Verify \"Partnered Games\" text is present or not",
              "timedOut": null,
              "duration": 1516,
              "state": "passed",
              "speed": "fast",
              "pass": true,
              "fail": false,
              "pending": false,
              "context": null,
              "code": "cy.visit('https://lysto.gg/communities/metanomy-1');\ncy.contains('Partnered Games').should('be.visible');\ncy.get('Img[src=\"https://passport-general-public.s3.ap-south-1.amazonaws.com/admin/tags/game_tag/tag-e00dbb1d-c2e1-4a0e-b533-c0570a776699.png\"]').should('be.visible');",
              "err": {},
              "uuid": "1662473a-f6a7-4644-a96c-efc75cc7a2d7",
              "parentUUID": "3e2ec8b7-88fc-445c-aa40-97af8a067d94",
              "isHook": false,
              "skipped": false
            },
            {
              "title": "Verify \"Testimonials\" text is present or not",
              "fullTitle": "Communities page Verify \"Testimonials\" text is present or not",
              "timedOut": null,
              "duration": 1227,
              "state": "passed",
              "speed": "fast",
              "pass": true,
              "fail": false,
              "pending": false,
              "context": null,
              "code": "cy.visit('https://lysto.gg/communities/metanomy-1');\ncy.contains('Testimonials').should('be.visible');\ncy.contains(\"From my side it’s all good. Thanks for asking for our sharing and feedback. In any case of bad, I will immediately send my thoughts so we can make it better!\").should('be.visible');",
              "err": {},
              "uuid": "61918b87-00b3-4667-aeca-6c2aed69aa5a",
              "parentUUID": "3e2ec8b7-88fc-445c-aa40-97af8a067d94",
              "isHook": false,
              "skipped": false
            }
          ],
          "suites": [],
          "passes": [
            "d17bc9da-569d-41d0-9160-c9931248cd70",
            "6c897a82-631d-41fe-a722-fdc385a47664",
            "af3c16f4-2646-40b4-8e2a-d31c79b57abe",
            "0e1cee43-2897-48f8-aadc-c9d3ba09aa2d",
            "470431c4-7f48-4165-8b5a-1fd11bdba077",
            "aa5a166e-cd77-421b-8556-68736f59a8ea",
            "19944d6d-c9c2-4e3f-aa9f-17806a7a5bbf",
            "21aeed9d-2d42-4cce-a2b0-94807a927051",
            "fe3672ab-f24c-4574-9fc1-1d56ab357f99",
            "9d0aa807-d526-47fc-b815-5e2ca8586289",
            "f7ee1402-4c6a-4662-8a40-734e999c755f",
            "8dc95a44-cdaf-4b4a-ba70-da0dee307838",
            "442bcfca-24ce-46da-bd0f-45747311c03d",
            "addb833c-640f-4b27-a39e-1f1bc6e1ceec",
            "c558f2cd-1a8e-45e7-b59b-f0657d96aa7f",
            "71fb2dae-fbb6-4e04-b035-07b1da6aadc6",
            "323fa142-7bf5-4303-bb4b-33c1c4ead7d4",
            "6450296b-6981-42b4-bb34-1615a98d4758",
            "85708fd3-2079-4744-a308-6db5c2ab59ff",
            "202f6eb9-e8e9-4e9c-9427-3f97a859047b",
            "1662473a-f6a7-4644-a96c-efc75cc7a2d7",
            "61918b87-00b3-4667-aeca-6c2aed69aa5a"
          ],
          "failures": [],
          "pending": [],
          "skipped": [],
          "duration": 64469,
          "root": false,
          "rootEmpty": false,
          "_timeout": 2000
        }
      ],
      "passes": [],
      "failures": [],
      "pending": [],
      "skipped": [],
      "duration": 0,
      "root": true,
      "rootEmpty": true,
      "_timeout": 2000
    }
  ],
  "meta": {
    "mocha": {
      "version": "7.0.1"
    },
    "mochawesome": {
      "options": {
        "quiet": false,
        "reportFilename": "mochawesome",
        "saveHtml": false,
        "saveJson": true,
        "consoleReporter": "spec",
        "useInlineDiffs": false,
        "code": true
      },
      "version": "7.1.3"
    },
    "marge": {
      "options": {
        "overwrite": false,
        "html": false,
        "json": true,
        "reportDir": "cypress\\reports\\html\\.jsons"
      },
      "version": "6.2.0"
    }
  }
}