{
  "stats": {
    "suites": 1,
    "tests": 16,
    "passes": 16,
    "pending": 0,
    "failures": 0,
    "start": "2024-02-07T10:05:44.605Z",
    "end": "2024-02-07T10:07:15.487Z",
    "duration": 90882,
    "testsRegistered": 16,
    "passPercent": 100,
    "pendingPercent": 0,
    "other": 0,
    "hasOther": false,
    "skipped": 0,
    "hasSkipped": false
  },
  "results": [
    {
      "uuid": "7926705a-d6a2-413e-b23b-d0cdfd3a7f80",
      "title": "",
      "fullFile": "cypress\\e2e\\UI-Directlinks.cy.js",
      "file": "cypress\\e2e\\UI-Directlinks.cy.js",
      "beforeHooks": [],
      "afterHooks": [],
      "tests": [],
      "suites": [
        {
          "uuid": "3167ec08-2368-45a0-acbe-931972023abc",
          "title": "Direct links Test",
          "fullFile": "",
          "file": "",
          "beforeHooks": [],
          "afterHooks": [],
          "tests": [
            {
              "title": "Verify landing page link",
              "fullTitle": "Direct links Test Verify landing page link",
              "timedOut": null,
              "duration": 5224,
              "state": "passed",
              "speed": "medium",
              "pass": true,
              "fail": false,
              "pending": false,
              "context": null,
              "code": "cy.visit('https://lysto.gg');\ncy.contains('Participate and win').should('be.visible');\ncy.title().should('eq', \"Lysto.gg | The Ultimate Gamers' Network\");",
              "err": {},
              "uuid": "54e4b401-46dc-49aa-8da0-9cb4f4a8bdb3",
              "parentUUID": "3167ec08-2368-45a0-acbe-931972023abc",
              "isHook": false,
              "skipped": false
            },
            {
              "title": "Verify public profile page link",
              "fullTitle": "Direct links Test Verify public profile page link",
              "timedOut": null,
              "duration": 3256,
              "state": "passed",
              "speed": "fast",
              "pass": true,
              "fail": false,
              "pending": false,
              "context": null,
              "code": "cy.visit('https://lysto.gg/passport/Rahulreddy');\ncy.contains('About me').should('be.visible');\ncy.get('#about_me').should('have.text', 'BGMI - ACE Master {5190841496}.');",
              "err": {},
              "uuid": "1ada90a0-b53c-42bf-a257-8cf544c128cc",
              "parentUUID": "3167ec08-2368-45a0-acbe-931972023abc",
              "isHook": false,
              "skipped": false
            },
            {
              "title": "Verify tournament/upcoming page link",
              "fullTitle": "Direct links Test Verify tournament/upcoming page link",
              "timedOut": null,
              "duration": 3352,
              "state": "passed",
              "speed": "fast",
              "pass": true,
              "fail": false,
              "pending": false,
              "context": null,
              "code": "cy.visit('https://lysto.gg/tournaments/upcoming');\ncy.title().should('eq', 'Tournaments on Lysto : Building Gamers');\ncy.contains('Register').should('be.visible');",
              "err": {},
              "uuid": "c3848304-16a3-47c8-9bfe-43617baaac3e",
              "parentUUID": "3167ec08-2368-45a0-acbe-931972023abc",
              "isHook": false,
              "skipped": false
            },
            {
              "title": "Verify tournament/live page link",
              "fullTitle": "Direct links Test Verify tournament/live page link",
              "timedOut": null,
              "duration": 12791,
              "state": "passed",
              "speed": "slow",
              "pass": true,
              "fail": false,
              "pending": false,
              "context": null,
              "code": "cy.visit('https://lysto.gg/tournaments/live');\ncy.wait(12000);\ncy.title().should('eq', 'Tournaments on Lysto : Building Gamers');\ncy.contains('View Participants').should('be.visible');",
              "err": {},
              "uuid": "78ab7fb2-f144-43a9-81a2-563360b4ccb5",
              "parentUUID": "3167ec08-2368-45a0-acbe-931972023abc",
              "isHook": false,
              "skipped": false
            },
            {
              "title": "Verify tournament/past page link",
              "fullTitle": "Direct links Test Verify tournament/past page link",
              "timedOut": null,
              "duration": 14819,
              "state": "passed",
              "speed": "slow",
              "pass": true,
              "fail": false,
              "pending": false,
              "context": null,
              "code": "cy.visit('https://lysto.gg/tournaments/past');\ncy.wait(12000);\ncy.title().should('eq', 'Tournaments on Lysto : Building Gamers');\ncy.contains('View Results').should('be.visible');",
              "err": {},
              "uuid": "469e85fb-ef77-49bd-bb94-c73a37339ac3",
              "parentUUID": "3167ec08-2368-45a0-acbe-931972023abc",
              "isHook": false,
              "skipped": false
            },
            {
              "title": "Verify tournament details page link",
              "fullTitle": "Direct links Test Verify tournament details page link",
              "timedOut": null,
              "duration": 2687,
              "state": "passed",
              "speed": "fast",
              "pass": true,
              "fail": false,
              "pending": false,
              "context": null,
              "code": "cy.visit('https://lysto.gg/games/pubg-mobile-48/tournaments/bloody-challenge-by-bloody-brand-int-2155?tab=overview');\ncy.title().should('eq', 'Lysto.gg | BLOODY CHALLENGE by Bloody Brand Int.');\ncy.contains('Prize Distribution').should('be.visible');",
              "err": {},
              "uuid": "9fd24160-a76a-4b4d-872f-8f3ee52e24ff",
              "parentUUID": "3167ec08-2368-45a0-acbe-931972023abc",
              "isHook": false,
              "skipped": false
            },
            {
              "title": "Verify scrims/upcoming page link",
              "fullTitle": "Direct links Test Verify scrims/upcoming page link",
              "timedOut": null,
              "duration": 2987,
              "state": "passed",
              "speed": "fast",
              "pass": true,
              "fail": false,
              "pending": false,
              "context": null,
              "code": "cy.visit('https://lysto.gg/scrims/upcoming');\ncy.contains('Register').should('be.visible');",
              "err": {},
              "uuid": "a4e9cdc4-e68c-46eb-a877-db132342b181",
              "parentUUID": "3167ec08-2368-45a0-acbe-931972023abc",
              "isHook": false,
              "skipped": false
            },
            {
              "title": "Verify scrims/live page link",
              "fullTitle": "Direct links Test Verify scrims/live page link",
              "timedOut": null,
              "duration": 1986,
              "state": "passed",
              "speed": "fast",
              "pass": true,
              "fail": false,
              "pending": false,
              "context": null,
              "code": "cy.visit('https://lysto.gg/scrims/live');\ncy.contains('Slots').should('be.visible');",
              "err": {},
              "uuid": "cebdf98f-33b4-440b-b406-35e6fee0dce1",
              "parentUUID": "3167ec08-2368-45a0-acbe-931972023abc",
              "isHook": false,
              "skipped": false
            },
            {
              "title": "Verify scrims/past page link",
              "fullTitle": "Direct links Test Verify scrims/past page link",
              "timedOut": null,
              "duration": 1408,
              "state": "passed",
              "speed": "fast",
              "pass": true,
              "fail": false,
              "pending": false,
              "context": null,
              "code": "cy.visit('https://lysto.gg/scrims/past');\ncy.contains('View Results').should('be.visible');",
              "err": {},
              "uuid": "7bacfcab-ebac-4658-97c9-4f05f34592ec",
              "parentUUID": "3167ec08-2368-45a0-acbe-931972023abc",
              "isHook": false,
              "skipped": false
            },
            {
              "title": "Verify scrim details page link",
              "fullTitle": "Direct links Test Verify scrim details page link",
              "timedOut": null,
              "duration": 1394,
              "state": "passed",
              "speed": "fast",
              "pass": true,
              "fail": false,
              "pending": false,
              "context": null,
              "code": "cy.visit('https://lysto.gg/games/FREEFIRE/scrim/solo-clash-m1-gp-code-3398');\ncy.title().should('eq', 'Lysto.gg | Solo Clash M1 (GP CODE)');\ncy.contains('Round 1').should('be.visible');",
              "err": {},
              "uuid": "82991095-5400-4b44-9e29-9098ccacd557",
              "parentUUID": "3167ec08-2368-45a0-acbe-931972023abc",
              "isHook": false,
              "skipped": false
            },
            {
              "title": "Verify communities page link",
              "fullTitle": "Direct links Test Verify communities page link",
              "timedOut": null,
              "duration": 2316,
              "state": "passed",
              "speed": "fast",
              "pass": true,
              "fail": false,
              "pending": false,
              "context": null,
              "code": "cy.visit('https://lysto.gg/communities');\ncy.xpath('/html/body/div[1]/div/div[2]/div[2]/div[2]/div/div[3]/div/p[1]').should('be.visible');",
              "err": {},
              "uuid": "2c29981a-7c6d-4994-806d-a752bfb38cc0",
              "parentUUID": "3167ec08-2368-45a0-acbe-931972023abc",
              "isHook": false,
              "skipped": false
            },
            {
              "title": "Verify community details page link",
              "fullTitle": "Direct links Test Verify community details page link",
              "timedOut": null,
              "duration": 24949,
              "state": "passed",
              "speed": "slow",
              "pass": true,
              "fail": false,
              "pending": false,
              "context": null,
              "code": "cy.visit('https://lysto.gg/communities/metanomy-1');\ncy.contains('Player driver next-gen esports. Earn rewards while gaming, creating and upscaling towards a career in gaming sports.').should('be.visible');",
              "err": {},
              "uuid": "e5debacb-8f5d-485c-b8a1-79deb0464073",
              "parentUUID": "3167ec08-2368-45a0-acbe-931972023abc",
              "isHook": false,
              "skipped": false
            },
            {
              "title": "Verify contests page link",
              "fullTitle": "Direct links Test Verify contests page link",
              "timedOut": null,
              "duration": 2003,
              "state": "passed",
              "speed": "fast",
              "pass": true,
              "fail": false,
              "pending": false,
              "context": null,
              "code": "cy.visit('https://lysto.gg/contests');\ncy.contains('LOGIN TO PARTICIPATE').should('be.visible');\ncy.contains('Win Contests Everyday').should('be.visible');",
              "err": {},
              "uuid": "e410c929-fd8f-4de8-a5d3-f33f6755a955",
              "parentUUID": "3167ec08-2368-45a0-acbe-931972023abc",
              "isHook": false,
              "skipped": false
            },
            {
              "title": "Verify about-us page link",
              "fullTitle": "Direct links Test Verify about-us page link",
              "timedOut": null,
              "duration": 1812,
              "state": "passed",
              "speed": "fast",
              "pass": true,
              "fail": false,
              "pending": false,
              "context": null,
              "code": "cy.visit('https://lysto.gg/about-us');\ncy.contains('Compete. Connect. Win').should('be.visible');",
              "err": {},
              "uuid": "bd9d2154-3c65-4097-a9d8-cc0b593e5534",
              "parentUUID": "3167ec08-2368-45a0-acbe-931972023abc",
              "isHook": false,
              "skipped": false
            },
            {
              "title": "Verify terms and conditions page link",
              "fullTitle": "Direct links Test Verify terms and conditions page link",
              "timedOut": null,
              "duration": 908,
              "state": "passed",
              "speed": "fast",
              "pass": true,
              "fail": false,
              "pending": false,
              "context": null,
              "code": "cy.visit('https://lysto.gg/terms-and-conditions');\ncy.contains('A. SCOPE').should('be.visible');",
              "err": {},
              "uuid": "62b18289-bb5c-469d-b234-40e160a61c83",
              "parentUUID": "3167ec08-2368-45a0-acbe-931972023abc",
              "isHook": false,
              "skipped": false
            },
            {
              "title": "Verify privacy policy page link",
              "fullTitle": "Direct links Test Verify privacy policy page link",
              "timedOut": null,
              "duration": 593,
              "state": "passed",
              "speed": "fast",
              "pass": true,
              "fail": false,
              "pending": false,
              "context": null,
              "code": "cy.visit('https://lysto.gg/privacy-policy');\ncy.contains('1. TYPES OF DATA WE COLLECT').should('be.visible');",
              "err": {},
              "uuid": "6eeeb644-239c-4a2c-a54f-d81c95b1c0f1",
              "parentUUID": "3167ec08-2368-45a0-acbe-931972023abc",
              "isHook": false,
              "skipped": false
            }
          ],
          "suites": [],
          "passes": [
            "54e4b401-46dc-49aa-8da0-9cb4f4a8bdb3",
            "1ada90a0-b53c-42bf-a257-8cf544c128cc",
            "c3848304-16a3-47c8-9bfe-43617baaac3e",
            "78ab7fb2-f144-43a9-81a2-563360b4ccb5",
            "469e85fb-ef77-49bd-bb94-c73a37339ac3",
            "9fd24160-a76a-4b4d-872f-8f3ee52e24ff",
            "a4e9cdc4-e68c-46eb-a877-db132342b181",
            "cebdf98f-33b4-440b-b406-35e6fee0dce1",
            "7bacfcab-ebac-4658-97c9-4f05f34592ec",
            "82991095-5400-4b44-9e29-9098ccacd557",
            "2c29981a-7c6d-4994-806d-a752bfb38cc0",
            "e5debacb-8f5d-485c-b8a1-79deb0464073",
            "e410c929-fd8f-4de8-a5d3-f33f6755a955",
            "bd9d2154-3c65-4097-a9d8-cc0b593e5534",
            "62b18289-bb5c-469d-b234-40e160a61c83",
            "6eeeb644-239c-4a2c-a54f-d81c95b1c0f1"
          ],
          "failures": [],
          "pending": [],
          "skipped": [],
          "duration": 82485,
          "root": false,
          "rootEmpty": false,
          "_timeout": 2000
        }
      ],
      "passes": [],
      "failures": [],
      "pending": [],
      "skipped": [],
      "duration": 0,
      "root": true,
      "rootEmpty": true,
      "_timeout": 2000
    }
  ],
  "meta": {
    "mocha": {
      "version": "7.0.1"
    },
    "mochawesome": {
      "options": {
        "quiet": false,
        "reportFilename": "mochawesome",
        "saveHtml": false,
        "saveJson": true,
        "consoleReporter": "spec",
        "useInlineDiffs": false,
        "code": true
      },
      "version": "7.1.3"
    },
    "marge": {
      "options": {
        "overwrite": false,
        "html": false,
        "json": true,
        "reportDir": "cypress\\reports\\html\\.jsons"
      },
      "version": "6.2.0"
    }
  }
}